09/09/2014 04:12:21: Pig killed Pig
09/09/2014 04:14:11: Skeleton killed Skeleton
09/09/2014 04:33:42: Creeper killed Creeper
09/09/2014 04:34:34: Slime killed Slime
09/09/2014 04:35:05: Bat killed Bat
09/09/2014 04:36:11: null killed null
09/09/2014 04:36:16: null killed null
09/09/2014 04:36:20: null killed null
09/09/2014 04:36:32: xiao_you killed Spider
09/09/2014 04:37:07: Zombie killed Zombie
09/09/2014 04:37:13: Zombie killed Zombie
09/09/2014 04:37:50: Zombie killed Zombie
09/09/2014 04:42:37: Zombie killed Zombie
09/09/2014 04:44:30: Skeleton killed Skeleton
09/09/2014 04:44:38: Zombie killed Zombie
09/09/2014 04:46:18: Pig killed Pig
09/09/2014 05:33:17: Zombie killed Zombie
09/09/2014 05:57:22: Bat killed Bat
03/01/2015 16:19:20: Zombie killed Zombie
03/01/2015 16:19:56: c0710204 killed Witch
