09/09/2014 04:13:29: xiao_you placed CHEST:5 World: "world" Coordinates:  X: 269  Y: 67  Z: 144
09/09/2014 04:13:33: xiao_you placed WALL_SIGN:5 World: "world" Coordinates:  X: 270  Y: 67  Z: 144
09/09/2014 04:13:35: xiao_you broke WALL_SIGN:5 In world: "world" Coordinates:  X: 270  Y: 67  Z: 144
09/09/2014 04:13:35: xiao_you broke CHEST:5 In world: "world" Coordinates:  X: 269  Y: 67  Z: 144
09/09/2014 04:13:37: xiao_you placed CHEST:2 World: "world" Coordinates:  X: 269  Y: 67  Z: 145
09/09/2014 04:13:59: xiao_you broke CHEST:2 In world: "world" Coordinates:  X: 269  Y: 67  Z: 145
09/09/2014 04:25:20: xiao_you placed CHEST:3 World: "world" Coordinates:  X: 271  Y: 68  Z: 144
09/09/2014 04:27:47: xiao_you broke LONG_GRASS:1 In world: "world" Coordinates:  X: 272  Y: 68  Z: 145
09/09/2014 04:27:54: xiao_you broke GRASS:0 In world: "world" Coordinates:  X: 273  Y: 66  Z: 143
09/09/2014 04:33:37: xiao_you broke GRASS:0 In world: "world" Coordinates:  X: 272  Y: 67  Z: 144
09/09/2014 04:35:50: xiao_you broke LONG_GRASS:1 In world: "world" Coordinates:  X: 272  Y: 66  Z: 153
09/09/2014 04:42:18: xiao_you broke SAND:0 In world: "world" Coordinates:  X: 289  Y: 63  Z: 826
09/09/2014 04:42:19: xiao_you placed SAND:0 World: "world" Coordinates:  X: 289  Y: 63  Z: 826
09/09/2014 04:42:28: xiao_you broke GRASS:0 In world: "world" Coordinates:  X: 286  Y: 63  Z: 824
09/09/2014 04:43:53: xiao_you placed CHEST:5 World: "world" Coordinates:  X: 286  Y: 63  Z: 824
09/09/2014 04:44:15: xiao_you placed WALL_SIGN:5 World: "world" Coordinates:  X: 287  Y: 63  Z: 824
09/09/2014 04:44:32: xiao_you broke WALL_SIGN:5 In world: "world" Coordinates:  X: 287  Y: 63  Z: 824
09/09/2014 04:44:32: xiao_you broke CHEST:5 In world: "world" Coordinates:  X: 286  Y: 63  Z: 824
09/09/2014 04:44:42: xiao_you placed CHEST:5 World: "world" Coordinates:  X: 286  Y: 64  Z: 823
09/09/2014 05:26:58: xiao_you broke WALL_SIGN:5 In world: "world" Coordinates:  X: 287  Y: 64  Z: 823
09/09/2014 05:27:09: xiao_you broke CHEST:5 In world: "world" Coordinates:  X: 286  Y: 64  Z: 823
09/09/2014 05:27:24: xiao_you broke GRASS:0 In world: "world" Coordinates:  X: 285  Y: 63  Z: 823
09/09/2014 05:27:41: xiao_you broke GRASS:0 In world: "world" Coordinates:  X: 285  Y: 63  Z: 822
03/01/2015 16:20:17: c0710204 broke LEAVES:0 In world: "world" Coordinates:  X: 179  Y: 68  Z: 763
03/01/2015 16:20:18: c0710204 broke LEAVES:0 In world: "world" Coordinates:  X: 178  Y: 67  Z: 763
03/01/2015 16:20:19: c0710204 broke LEAVES:0 In world: "world" Coordinates:  X: 178  Y: 67  Z: 763
03/01/2015 16:20:19: c0710204 broke LEAVES:0 In world: "world" Coordinates:  X: 178  Y: 67  Z: 763
03/01/2015 16:20:19: c0710204 broke LEAVES:0 In world: "world" Coordinates:  X: 178  Y: 67  Z: 763
03/01/2015 16:20:20: c0710204 broke LEAVES:0 In world: "world" Coordinates:  X: 178  Y: 67  Z: 763
03/01/2015 16:20:20: c0710204 broke LEAVES:0 In world: "world" Coordinates:  X: 178  Y: 67  Z: 763
03/01/2015 16:20:21: c0710204 broke LEAVES:8 In world: "world" Coordinates:  X: 178  Y: 68  Z: 763
03/01/2015 16:20:21: c0710204 broke LEAVES:8 In world: "world" Coordinates:  X: 178  Y: 68  Z: 762
03/01/2015 16:20:22: c0710204 broke LEAVES:8 In world: "world" Coordinates:  X: 179  Y: 68  Z: 763
03/01/2015 16:20:23: c0710204 broke GRASS:0 In world: "world" Coordinates:  X: 180  Y: 63  Z: 764
03/01/2015 16:20:23: c0710204 broke DIRT:0 In world: "world" Coordinates:  X: 180  Y: 62  Z: 764
03/01/2015 16:20:23: c0710204 broke DIRT:0 In world: "world" Coordinates:  X: 180  Y: 61  Z: 764
03/01/2015 16:20:23: c0710204 broke DIRT:0 In world: "world" Coordinates:  X: 180  Y: 60  Z: 764
03/01/2015 16:20:24: c0710204 broke STONE:0 In world: "world" Coordinates:  X: 180  Y: 59  Z: 764
03/01/2015 16:20:24: c0710204 broke STONE:0 In world: "world" Coordinates:  X: 180  Y: 58  Z: 764
03/01/2015 16:20:24: c0710204 broke STONE:0 In world: "world" Coordinates:  X: 180  Y: 57  Z: 764
03/01/2015 16:20:24: c0710204 broke STONE:0 In world: "world" Coordinates:  X: 180  Y: 56  Z: 764
03/01/2015 16:20:24: c0710204 broke STONE:0 In world: "world" Coordinates:  X: 180  Y: 55  Z: 764
03/01/2015 16:20:25: c0710204 broke STONE:0 In world: "world" Coordinates:  X: 180  Y: 54  Z: 764
03/01/2015 16:20:25: c0710204 broke STONE:0 In world: "world" Coordinates:  X: 180  Y: 53  Z: 764
03/01/2015 16:20:25: c0710204 broke STONE:0 In world: "world" Coordinates:  X: 180  Y: 52  Z: 764
03/01/2015 16:20:25: c0710204 broke STONE:0 In world: "world" Coordinates:  X: 180  Y: 51  Z: 764
03/01/2015 16:20:26: c0710204 broke STONE:0 In world: "world" Coordinates:  X: 180  Y: 50  Z: 764
03/01/2015 16:20:26: c0710204 broke STONE:0 In world: "world" Coordinates:  X: 180  Y: 49  Z: 764
03/01/2015 16:20:26: c0710204 broke STONE:0 In world: "world" Coordinates:  X: 180  Y: 48  Z: 764
03/01/2015 16:20:26: c0710204 broke STONE:0 In world: "world" Coordinates:  X: 180  Y: 47  Z: 764
03/01/2015 16:20:26: c0710204 broke STONE:0 In world: "world" Coordinates:  X: 180  Y: 46  Z: 764
03/01/2015 16:20:27: c0710204 broke STONE:0 In world: "world" Coordinates:  X: 180  Y: 45  Z: 764
03/01/2015 16:20:27: c0710204 broke STONE:0 In world: "world" Coordinates:  X: 180  Y: 44  Z: 764
03/01/2015 16:20:28: c0710204 broke STONE:0 In world: "world" Coordinates:  X: 180  Y: 43  Z: 764
03/01/2015 16:20:28: c0710204 broke STONE:0 In world: "world" Coordinates:  X: 180  Y: 42  Z: 764
03/01/2015 16:20:28: c0710204 broke STONE:0 In world: "world" Coordinates:  X: 180  Y: 41  Z: 764
03/01/2015 16:20:28: c0710204 broke STONE:0 In world: "world" Coordinates:  X: 180  Y: 40  Z: 764
03/01/2015 16:20:28: c0710204 broke STONE:0 In world: "world" Coordinates:  X: 180  Y: 39  Z: 764
03/01/2015 16:20:29: c0710204 broke STONE:0 In world: "world" Coordinates:  X: 180  Y: 38  Z: 764
03/01/2015 16:20:29: c0710204 broke STONE:0 In world: "world" Coordinates:  X: 180  Y: 37  Z: 764
03/01/2015 16:20:29: c0710204 broke STONE:0 In world: "world" Coordinates:  X: 180  Y: 36  Z: 764
03/01/2015 16:20:29: c0710204 broke STONE:0 In world: "world" Coordinates:  X: 180  Y: 35  Z: 764
03/01/2015 16:20:29: c0710204 broke STONE:0 In world: "world" Coordinates:  X: 180  Y: 34  Z: 764
03/01/2015 16:21:02: c0710204 placed THAUMCRAFT_BLOCKWOODENDEVICE:4 World: "world" Coordinates:  X: 180  Y: 64  Z: 765
03/01/2015 16:21:06: c0710204 placed THAUMCRAFT_BLOCKWOODENDEVICE:5 World: "world" Coordinates:  X: 180  Y: 65  Z: 765
03/01/2015 16:22:52: c0710204 placed THAUMCRAFT_BLOCKTUBE:0 World: "world" Coordinates:  X: 180  Y: 64  Z: 764
03/01/2015 16:22:53: c0710204 placed THAUMCRAFT_BLOCKTUBE:0 World: "world" Coordinates:  X: 180  Y: 64  Z: 763
03/01/2015 16:22:55: c0710204 placed THAUMCRAFT_BLOCKTUBE:0 World: "world" Coordinates:  X: 180  Y: 64  Z: 762
03/01/2015 16:22:56: c0710204 placed THAUMCRAFT_BLOCKTUBE:0 World: "world" Coordinates:  X: 180  Y: 64  Z: 761
03/01/2015 16:22:57: c0710204 broke GRASS:0 In world: "world" Coordinates:  X: 180  Y: 63  Z: 761
03/01/2015 16:22:58: c0710204 broke DIRT:0 In world: "world" Coordinates:  X: 180  Y: 62  Z: 761
03/01/2015 16:22:59: c0710204 broke GRASS:0 In world: "world" Coordinates:  X: 181  Y: 63  Z: 761
03/01/2015 16:22:59: c0710204 broke DIRT:0 In world: "world" Coordinates:  X: 181  Y: 62  Z: 761
03/01/2015 16:22:59: c0710204 broke GRASS:0 In world: "world" Coordinates:  X: 182  Y: 63  Z: 761
03/01/2015 16:23:00: c0710204 broke DIRT:0 In world: "world" Coordinates:  X: 182  Y: 62  Z: 761
03/01/2015 16:23:02: c0710204 placed THAUMCRAFT_BLOCKSTONEDEVICE:11 World: "world" Coordinates:  X: 180  Y: 63  Z: 761
03/01/2015 16:23:05: c0710204 placed THAUMCRAFT_BLOCKAIRY:0 World: "world" Coordinates:  X: 180  Y: 62  Z: 761
03/01/2015 16:23:30: c0710204 broke GRASS:0 In world: "world" Coordinates:  X: 181  Y: 61  Z: 761
03/01/2015 16:23:30: c0710204 broke GRASS:0 In world: "world" Coordinates:  X: 180  Y: 61  Z: 761
03/01/2015 16:23:32: c0710204 placed THAUMCRAFT_BLOCKSTONEDEVICE:10 World: "world" Coordinates:  X: 180  Y: 61  Z: 761
03/01/2015 16:23:48: c0710204 placed THAUMCRAFT_BLOCKJAR:0 World: "world" Coordinates:  X: 180  Y: 64  Z: 760
03/01/2015 16:23:54: c0710204 placed THAUMCRAFT_BLOCKTUBE:0 World: "world" Coordinates:  X: 180  Y: 65  Z: 761
03/01/2015 16:23:57: c0710204 placed THAUMCRAFT_BLOCKTUBE:0 World: "world" Coordinates:  X: 180  Y: 65  Z: 760
03/01/2015 16:28:26: c0710204 placed THAUMCRAFT_BLOCKWOODENDEVICE:4 World: "world" Coordinates:  X: 251  Y: 62  Z: 778
03/01/2015 16:28:27: c0710204 placed THAUMCRAFT_BLOCKWOODENDEVICE:4 World: "world" Coordinates:  X: 251  Y: 62  Z: 777
03/01/2015 16:28:29: c0710204 placed THAUMCRAFT_BLOCKWOODENDEVICE:4 World: "world" Coordinates:  X: 250  Y: 62  Z: 777
03/01/2015 16:28:31: c0710204 placed THAUMCRAFT_BLOCKWOODENDEVICE:4 World: "world" Coordinates:  X: 251  Y: 62  Z: 776
03/01/2015 16:28:32: c0710204 placed THAUMCRAFT_BLOCKWOODENDEVICE:4 World: "world" Coordinates:  X: 250  Y: 62  Z: 776
03/01/2015 16:28:32: c0710204 placed THAUMCRAFT_BLOCKWOODENDEVICE:4 World: "world" Coordinates:  X: 249  Y: 62  Z: 776
03/01/2015 16:28:33: c0710204 broke THAUMCRAFT_BLOCKWOODENDEVICE:4 In world: "world" Coordinates:  X: 250  Y: 62  Z: 776
03/01/2015 16:28:33: c0710204 broke THAUMCRAFT_BLOCKWOODENDEVICE:4 In world: "world" Coordinates:  X: 249  Y: 62  Z: 776
03/01/2015 16:28:34: c0710204 broke THAUMCRAFT_BLOCKWOODENDEVICE:4 In world: "world" Coordinates:  X: 251  Y: 62  Z: 776
03/01/2015 16:28:35: c0710204 broke THAUMCRAFT_BLOCKWOODENDEVICE:4 In world: "world" Coordinates:  X: 250  Y: 62  Z: 777
03/01/2015 16:28:35: c0710204 broke THAUMCRAFT_BLOCKWOODENDEVICE:4 In world: "world" Coordinates:  X: 251  Y: 62  Z: 777
03/01/2015 16:28:35: c0710204 broke THAUMCRAFT_BLOCKWOODENDEVICE:4 In world: "world" Coordinates:  X: 251  Y: 62  Z: 778
03/01/2015 16:28:39: c0710204 broke SAND:0 In world: "world" Coordinates:  X: 250  Y: 55  Z: 777
03/01/2015 16:29:27: c0710204 broke DOUBLE_PLANT:8 In world: "world" Coordinates:  X: 275  Y: 65  Z: 784
