09/09/2014 04:12:22: xiao_you : /l yh159
09/09/2014 04:25:13: xiao_you : /l yh159
09/09/2014 04:27:24: xiao_you : /l yh159
09/09/2014 04:33:31: xiao_you : /l yh159
09/09/2014 04:40:30: xiao_you : /re
09/09/2014 04:40:46: xiao_you : /re restart now
09/09/2014 04:42:15: xiao_you : /l yh159
09/09/2014 04:44:59: xiao_you : /moneu
09/09/2014 04:45:02: xiao_you : /money
09/09/2014 04:45:06: xiao_you : /moneu
09/09/2014 04:45:08: xiao_you : /moneu
09/09/2014 04:45:11: xiao_you : /money
09/09/2014 04:46:27: xiao_you : /re restart now
09/09/2014 04:49:31: xiao_you : /l yh159
09/09/2014 04:49:35: xiao_you : /money
09/09/2014 05:06:42: xiao_you : /l yh159
09/09/2014 05:07:01: xiao_you : /money
09/09/2014 05:07:15: xiao_you : /money
09/09/2014 05:07:40: xiao_you : /re
09/09/2014 05:07:58: xiao_you : /re restart
09/09/2014 05:19:03: xiao_you : /l yh159
09/09/2014 05:19:32: xiao_you : /res
09/09/2014 05:19:34: xiao_you : /res ?
09/09/2014 05:26:35: xiao_you : /notloggedin
09/09/2014 05:26:37: xiao_you : /l yh159
09/09/2014 05:27:30: xiao_you : /re
09/09/2014 05:27:35: xiao_you : /res?
09/09/2014 05:27:40: xiao_you : /res ?
09/09/2014 05:28:02: xiao_you : /cg
09/09/2014 05:32:03: xiao_you : /l yh519
09/09/2014 05:32:07: xiao_you : /l yh159
09/09/2014 05:32:16: xiao_you : /cg
09/09/2014 05:32:37: xiao_you : /re
09/09/2014 05:32:59: xiao_you : /re srop
09/09/2014 05:33:04: xiao_you : /re stop
09/09/2014 05:36:45: xiao_you : /l yh159
09/09/2014 05:36:48: xiao_you : /re
09/09/2014 05:36:58: xiao_you : /re restart
09/09/2014 05:40:13: xiao_you : /l yh159
09/09/2014 05:40:24: xiao_you : /re
09/09/2014 05:40:26: xiao_you : /re
09/09/2014 05:40:30: xiao_you : /re
09/09/2014 05:44:35: xiao_you : /l yh159
09/09/2014 05:44:36: xiao_you : /re
09/09/2014 05:44:43: xiao_you : /re stop
09/09/2014 05:49:36: xiao_you : /l yh159
09/09/2014 05:49:38: xiao_you : /re
09/09/2014 05:50:51: xiao_you : /cf
09/09/2014 05:50:53: xiao_you : /cg
09/09/2014 05:50:55: xiao_you : /cg
09/09/2014 05:51:05: xiao_you : /cg
09/09/2014 05:53:11: xiao_you : /notloggedin
09/09/2014 05:53:16: xiao_you : /l yh159
09/09/2014 05:53:18: xiao_you : /cg
09/09/2014 05:53:28: xiao_you : /cg list
09/09/2014 05:53:40: xiao_you : /cg list example
09/09/2014 05:54:11: xiao_you : /cg removelist example
09/09/2014 05:54:22: xiao_you : /cg list
09/09/2014 05:56:49: xiao_you : /re
09/09/2014 05:56:52: xiao_you : /re restart
09/09/2014 05:57:03: xiao_you : /re restart time 300
09/09/2014 05:57:18: xiao_you : /re restart
09/09/2014 05:57:36: xiao_you : /re restart now
09/11/2014 14:08:08: c0710204 : /register 123456 123456
03/01/2015 16:19:29: c0710204 : /login 123456
03/01/2015 16:28:54: c0710204 : /res
03/01/2015 16:28:59: c0710204 : /res ?
03/01/2015 16:29:05: c0710204 : /res ls
03/01/2015 16:29:09: c0710204 : /res 2
03/01/2015 16:29:12: c0710204 : /res ? 2
03/01/2015 16:29:16: c0710204 : /res info
